OUTPUTID|T_PET
SITECOUNT|1
SITEID|53399
STARTTIME|2002-01-01 00:00:00
ENDTIME|2005-12-31 00:00:00
FILENAME|T_PET_1.asc

OUTPUTID|D_PET
COUNT | 1
TYPE | SUM
STARTTIME|2002-01-01 00:00:00
ENDTIME|2005-12-31 00:00:00
FILENAME | D_PET_1.asc

OUTPUTID|D_P
COUNT | 1
TYPE | SUM
STARTTIME|2002-01-01 00:00:00
ENDTIME|2005-12-31 00:00:00
FILENAME | D_P_1.asc

OUTPUTID|NEPR
COUNT | 1
TYPE | SUM
STARTTIME|2002-01-01 00:00:00
ENDTIME|2005-12-31 00:00:00
FILENAME|NEPR_1.asc

OUTPUTID|SOTE
COUNT | 1
TYPE | AVERAGE
STARTTIME|2002-01-01 00:00:00
ENDTIME|2005-12-31 00:00:00
FILENAME|SOTE_1.asc

OUTPUTID|INFIL
COUNT | 1
TYPE | SUM
STARTTIME|2002-01-01 00:00:00
ENDTIME|2005-12-31 00:00:00
FILENAME|INFIL_1.asc

OUTPUTID|EXCP
COUNT | 1
TYPE | SUM
STARTTIME|2002-01-01 00:00:00
ENDTIME|2005-12-31 00:00:00
FILENAME|EXCP_1.asc

OUTPUTID|SURU
COUNT | 1
TYPE | SUM
STARTTIME|2002-01-01 00:00:00
ENDTIME|2005-12-31 00:00:00
FILENAME|SURU_1.asc

OUTPUTID|GRRE
COUNT | 1
TYPE | SUM
STARTTIME|2002-01-01 00:00:00
ENDTIME|2005-12-31 00:00:00
FILENAME|GRRE_1.asc

OUTPUTID|SSRU
COUNT | 1
TYPE | SUM
STARTTIME|2002-01-01 00:00:00
ENDTIME|2005-12-31 00:00:00
FILENAME|SSRU_1.asc

OUTPUTID|SOET
COUNT | 1
TYPE | SUM
STARTTIME|2002-01-01 00:00:00
ENDTIME|2005-12-31 00:00:00
FILENAME|SOET_1.asc

OUTPUTID|INET
COUNT | 1
TYPE | SUM
STARTTIME|2002-01-01 00:00:00
ENDTIME|2005-12-31 00:00:00
FILENAME|INET_1.asc

OUTPUTID|DEET
COUNT | 1
TYPE | SUM
STARTTIME|2002-01-01 00:00:00
ENDTIME|2005-12-31 00:00:00
FILENAME|DEET_1.asc

#OUTPUTID|SNME
#COUNT | 1
#TYPE | SUM
#STARTTIME|2007-01-01 00:00:00
#ENDTIME|2007-12-31 00:00:00
#FILENAME|SNME_1.asc

#OUTPUTID|SNAC
#COUNT | 1
#TYPE | SUM
#STARTTIME|2007-01-01 00:00:00
#ENDTIME|2007-12-31 00:00:00
#FILENAME|SNAC_1.asc

OUTPUTID | SBOF
SUBBASINCOUNT | 1
SUBBASINID | 0
STARTTIME|2002-01-01 00:00:00
ENDTIME|2005-12-31 00:00:00
FILENAME | SBOF.txt

OUTPUTID | SBIF
SUBBASINCOUNT | 1
SUBBASINID | 0
STARTTIME|2002-01-01 00:00:00
ENDTIME|2005-12-31 00:00:00
FILENAME | SBIF.txt

OUTPUTID | SBQG
SUBBASINCOUNT | 1
SUBBASINID | 0
STARTTIME|2002-01-01 00:00:00
ENDTIME|2005-12-31 00:00:00
FILENAME | SBQG.txt

OUTPUTID | QRECH
SUBBASINCOUNT | 1
SUBBASINID | 0
STARTTIME|2002-01-01 00:00:00
ENDTIME|2005-12-31 00:00:00
FILENAME | Q.txt

OUTPUTID | SOWB
SUBBASINCOUNT | 1
SUBBASINID | 0
STARTTIME|2002-01-01 00:00:00
ENDTIME|2005-12-31 00:00:00
FILENAME | SOWB_0.txt

OUTPUTID | QS
SUBBASINCOUNT | 1
SUBBASINID | 0
STARTTIME|2002-01-01 00:00:00
ENDTIME|2005-12-31 00:00:00
FILENAME | QS.txt

OUTPUTID | QI
SUBBASINCOUNT | 1
SUBBASINID | 0
STARTTIME|2002-01-01 00:00:00
ENDTIME|2005-12-31 00:00:00
FILENAME | QI.txt

OUTPUTID | QG
SUBBASINCOUNT | 1
SUBBASINID | 0
STARTTIME|2002-01-01 00:00:00
ENDTIME|2005-12-31 00:00:00
FILENAME | QG.txt

OUTPUTID | BKST
SUBBASINCOUNT | 1
SUBBASINID | 0
STARTTIME|2002-01-01 00:00:00
ENDTIME|2005-12-31 00:00:00
FILENAME | BKST.txt

OUTPUTID | CHST
SUBBASINCOUNT | 1
SUBBASINID | 0
STARTTIME|2002-01-01 00:00:00
ENDTIME|2005-12-31 00:00:00
FILENAME | CHST.txt

OUTPUTID | SEEPAGE
SUBBASINCOUNT | 1
SUBBASINID | 0
STARTTIME|2002-01-01 00:00:00
ENDTIME|2005-12-31 00:00:00
FILENAME | SEEPAGE.txt


