OUTPUTID|D_P
COUNT | 1
TYPE | SUM
STARTTIME|2007-01-01 00:00:00
ENDTIME|2010-12-31 00:00:00
FILENAME | D_P_1.asc

OUTPUTID|NEPR
COUNT | 1
TYPE | SUM
STARTTIME|2007-01-01 00:00:00
ENDTIME|2010-12-31 00:00:00
FILENAME|NEPR_1.asc

OUTPUTID|SOTE
COUNT | 1
TYPE | AVERAGE
STARTTIME|2007-01-01 00:00:00
ENDTIME|2010-12-31 00:00:00
FILENAME|SOTE_1.asc

OUTPUTID|INFIL
COUNT | 1
TYPE | SUM
STARTTIME|2007-01-01 00:00:00
ENDTIME|2010-12-31 00:00:00
FILENAME|INFIL_1.asc

OUTPUTID|EXCP
COUNT | 1
TYPE | SUM
STARTTIME|2007-01-01 00:00:00
ENDTIME|2010-12-31 00:00:00
FILENAME|EXCP_1.asc

OUTPUTID|SURU
COUNT | 1
TYPE | SUM
STARTTIME|2007-01-01 00:00:00
ENDTIME|2010-12-31 00:00:00
FILENAME|SURU_1.asc

OUTPUTID|Percolation_2D
COUNT | 1
TYPE | SUM
STARTTIME|2007-01-01 00:00:00
ENDTIME|2010-12-31 00:00:00
FILENAME|Percolation_2D.asc

OUTPUTID|SSRU_2D
COUNT | 1
TYPE | SUM
STARTTIME|2007-01-01 00:00:00
ENDTIME|2010-12-31 00:00:00
FILENAME|SSRU_2D.asc

OUTPUTID|SOET
COUNT | 1
TYPE | SUM
STARTTIME|2007-01-01 00:00:00
ENDTIME|2010-12-31 00:00:00
FILENAME|SOET.asc

OUTPUTID|INET
COUNT | 1
TYPE | SUM
STARTTIME|2007-01-01 00:00:00
ENDTIME|2010-12-31 00:00:00
FILENAME|INET_1.asc

#OUTPUTID|SNME
#COUNT | 1
#TYPE | SUM
#STARTTIME|2007-01-01 00:00:00
#ENDTIME|2010-12-31 00:00:00
#FILENAME|SNME_1.asc

#OUTPUTID|SNAC
#COUNT | 1
#TYPE | SUM
#STARTTIME|2007-01-01 00:00:00
#ENDTIME|2010-12-31 00:00:00
#FILENAME|SNAC_1.asc

OUTPUTID | SBOF
SUBBASINCOUNT | 1
SUBBASINID | 0
STARTTIME|2007-01-01 00:00:00
ENDTIME|2010-12-31 00:00:00
FILENAME | SBOF.txt

OUTPUTID | SBIF
SUBBASINCOUNT | 1
SUBBASINID | 0
STARTTIME|2007-01-01 00:00:00
ENDTIME|2010-12-31 00:00:00
FILENAME | SBIF.txt

OUTPUTID | SBQG
SUBBASINCOUNT | 1
SUBBASINID | 0
STARTTIME|2007-01-01 00:00:00
ENDTIME|2010-12-31 00:00:00
FILENAME | SBQG.txt

OUTPUTID | QRECH
SUBBASINCOUNT | 1
SUBBASINID | 0
STARTTIME|2007-01-01 00:00:00
ENDTIME|2010-12-31 00:00:00
FILENAME | Q.txt

